-------------------------------------------------------------------------------
Test set: com.mealmatch.controller.TelaLoginControllerTest
-------------------------------------------------------------------------------
Tests run: 3, Failures: 0, Errors: 3, Skipped: 0, Time elapsed: 0.278 s <<< FAILURE! - in com.mealmatch.controller.TelaLoginControllerTest
com.mealmatch.controller.TelaLoginControllerTest.testValidarLoginComSucesso  Time elapsed: 0.27 s  <<< ERROR!
java.lang.ExceptionInInitializerError
	at com.mealmatch.controller.TelaLoginController.validarLogin(TelaLoginController.java:176)
	at com.mealmatch.controller.TelaLoginControllerTest.testValidarLoginComSucesso(TelaLoginControllerTest.java:34)
	at java.lang.reflect.Method.invoke(Method.java:498)
	at java.util.ArrayList.forEach(ArrayList.java:1259)
	at java.util.ArrayList.forEach(ArrayList.java:1259)
Caused by: io.github.cdimascio.dotenv.DotEnvException: Could not find /.env on the classpath
	at io.github.cdimascio.dotenv.internal.ClasspathHelper.loadFileFromClasspath(ClassPathHelper.kt:37)
	at io.github.cdimascio.dotenv.internal.DotenvReader.read(DotenvReader.kt:36)
	at io.github.cdimascio.dotenv.internal.DotenvParser.parse(DotenvParser.kt:26)
	at io.github.cdimascio.dotenv.DotenvBuilder.load(Dotenv.kt:124)
	at io.github.cdimascio.dotenv.Dotenv$Instance.load(Dotenv.kt:32)
	at io.github.cdimascio.dotenv.Dotenv.load(Dotenv.kt)
	at com.mealmatch.jdbc.connection.ConnectionFactory.<clinit>(ConnectionFactory.java:12)
	at com.mealmatch.controller.TelaLoginController.validarLogin(TelaLoginController.java:176)
	at com.mealmatch.controller.TelaLoginController$MockitoMock$1912933953.validarLogin$accessor$QQ2LcGVW(Unknown Source)
	at com.mealmatch.controller.TelaLoginController$MockitoMock$1912933953$auxiliary$dWKYz3TH.call(Unknown Source)
	at org.mockito.internal.invocation.RealMethod$FromCallable$1.call(RealMethod.java:40)
	at org.mockito.internal.invocation.RealMethod$FromBehavior.invoke(RealMethod.java:62)
	at org.mockito.internal.invocation.InterceptedInvocation.callRealMethod(InterceptedInvocation.java:152)
	at org.mockito.internal.stubbing.answers.CallsRealMethods.answer(CallsRealMethods.java:43)
	at org.mockito.Answers.answer(Answers.java:100)
	at org.mockito.internal.handler.MockHandlerImpl.handle(MockHandlerImpl.java:103)
	at org.mockito.internal.handler.NullResultGuardian.handle(NullResultGuardian.java:29)
	at org.mockito.internal.handler.InvocationNotifierHandler.handle(InvocationNotifierHandler.java:35)
	at org.mockito.internal.creation.bytebuddy.MockMethodInterceptor.doIntercept(MockMethodInterceptor.java:61)
	at org.mockito.internal.creation.bytebuddy.MockMethodInterceptor.doIntercept(MockMethodInterceptor.java:49)
	at org.mockito.internal.creation.bytebuddy.MockMethodInterceptor$DispatcherDefaultingToRealMethod.interceptSuperCallable(MockMethodInterceptor.java:108)
	at com.mealmatch.controller.TelaLoginController$MockitoMock$1912933953.validarLogin(Unknown Source)
	... 4 more
	Suppressed: io.github.cdimascio.dotenv.DotEnvException: Could not find ./.env on the file system (working directory: /Users/marcus_cs_pereira/Programacao/github/MealMatch/app)
		at io.github.cdimascio.dotenv.internal.DotenvReader.read(DotenvReader.kt:40)
		... 24 more

com.mealmatch.controller.TelaLoginControllerTest.testValidarLoginComFalha  Time elapsed: 0.002 s  <<< ERROR!
java.lang.NoClassDefFoundError: Could not initialize class com.mealmatch.jdbc.connection.ConnectionFactory
	at com.mealmatch.controller.TelaLoginController.validarLogin(TelaLoginController.java:176)
	at com.mealmatch.controller.TelaLoginControllerTest.testValidarLoginComFalha(TelaLoginControllerTest.java:49)
	at java.lang.reflect.Method.invoke(Method.java:498)
	at java.util.ArrayList.forEach(ArrayList.java:1259)
	at java.util.ArrayList.forEach(ArrayList.java:1259)
Caused by: java.lang.ExceptionInInitializerError: Exception io.github.cdimascio.dotenv.DotEnvException: Could not find /.env on the classpath [in thread "main"]
	at io.github.cdimascio.dotenv.internal.ClasspathHelper.loadFileFromClasspath(ClassPathHelper.kt:37)
	at io.github.cdimascio.dotenv.internal.DotenvReader.read(DotenvReader.kt:36)
	at io.github.cdimascio.dotenv.internal.DotenvParser.parse(DotenvParser.kt:26)
	at io.github.cdimascio.dotenv.DotenvBuilder.load(Dotenv.kt:124)
	at io.github.cdimascio.dotenv.Dotenv$Instance.load(Dotenv.kt:32)
	at io.github.cdimascio.dotenv.Dotenv.load(Dotenv.kt)
	at com.mealmatch.jdbc.connection.ConnectionFactory.<clinit>(ConnectionFactory.java:12)
	at com.mealmatch.controller.TelaLoginController.validarLogin(TelaLoginController.java:176)
	at com.mealmatch.controller.TelaLoginController$MockitoMock$1912933953.validarLogin$accessor$QQ2LcGVW(Unknown Source)
	at com.mealmatch.controller.TelaLoginController$MockitoMock$1912933953$auxiliary$dWKYz3TH.call(Unknown Source)
	at org.mockito.internal.invocation.RealMethod$FromCallable$1.call(RealMethod.java:40)
	at org.mockito.internal.invocation.RealMethod$FromBehavior.invoke(RealMethod.java:62)
	at org.mockito.internal.invocation.InterceptedInvocation.callRealMethod(InterceptedInvocation.java:152)
	at org.mockito.internal.stubbing.answers.CallsRealMethods.answer(CallsRealMethods.java:43)
	at org.mockito.Answers.answer(Answers.java:100)
	at org.mockito.internal.handler.MockHandlerImpl.handle(MockHandlerImpl.java:103)
	at org.mockito.internal.handler.NullResultGuardian.handle(NullResultGuardian.java:29)
	at org.mockito.internal.handler.InvocationNotifierHandler.handle(InvocationNotifierHandler.java:35)
	at org.mockito.internal.creation.bytebuddy.MockMethodInterceptor.doIntercept(MockMethodInterceptor.java:61)
	at org.mockito.internal.creation.bytebuddy.MockMethodInterceptor.doIntercept(MockMethodInterceptor.java:49)
	at org.mockito.internal.creation.bytebuddy.MockMethodInterceptor$DispatcherDefaultingToRealMethod.interceptSuperCallable(MockMethodInterceptor.java:108)
	at com.mealmatch.controller.TelaLoginController$MockitoMock$1912933953.validarLogin(Unknown Source)
	at com.mealmatch.controller.TelaLoginControllerTest.testValidarLoginComSucesso(TelaLoginControllerTest.java:34)
	... 3 more

com.mealmatch.controller.TelaLoginControllerTest.testValidarLoginComUsuarioNaoExistente  Time elapsed: 0.002 s  <<< ERROR!
java.lang.NoClassDefFoundError: Could not initialize class com.mealmatch.jdbc.connection.ConnectionFactory
	at com.mealmatch.controller.TelaLoginController.validarLogin(TelaLoginController.java:176)
	at com.mealmatch.controller.TelaLoginControllerTest.testValidarLoginComUsuarioNaoExistente(TelaLoginControllerTest.java:64)
	at java.lang.reflect.Method.invoke(Method.java:498)
	at java.util.ArrayList.forEach(ArrayList.java:1259)
	at java.util.ArrayList.forEach(ArrayList.java:1259)
Caused by: java.lang.ExceptionInInitializerError: Exception io.github.cdimascio.dotenv.DotEnvException: Could not find /.env on the classpath [in thread "main"]
	at io.github.cdimascio.dotenv.internal.ClasspathHelper.loadFileFromClasspath(ClassPathHelper.kt:37)
	at io.github.cdimascio.dotenv.internal.DotenvReader.read(DotenvReader.kt:36)
	at io.github.cdimascio.dotenv.internal.DotenvParser.parse(DotenvParser.kt:26)
	at io.github.cdimascio.dotenv.DotenvBuilder.load(Dotenv.kt:124)
	at io.github.cdimascio.dotenv.Dotenv$Instance.load(Dotenv.kt:32)
	at io.github.cdimascio.dotenv.Dotenv.load(Dotenv.kt)
	at com.mealmatch.jdbc.connection.ConnectionFactory.<clinit>(ConnectionFactory.java:12)
	at com.mealmatch.controller.TelaLoginController.validarLogin(TelaLoginController.java:176)
	at com.mealmatch.controller.TelaLoginController$MockitoMock$1912933953.validarLogin$accessor$QQ2LcGVW(Unknown Source)
	at com.mealmatch.controller.TelaLoginController$MockitoMock$1912933953$auxiliary$dWKYz3TH.call(Unknown Source)
	at org.mockito.internal.invocation.RealMethod$FromCallable$1.call(RealMethod.java:40)
	at org.mockito.internal.invocation.RealMethod$FromBehavior.invoke(RealMethod.java:62)
	at org.mockito.internal.invocation.InterceptedInvocation.callRealMethod(InterceptedInvocation.java:152)
	at org.mockito.internal.stubbing.answers.CallsRealMethods.answer(CallsRealMethods.java:43)
	at org.mockito.Answers.answer(Answers.java:100)
	at org.mockito.internal.handler.MockHandlerImpl.handle(MockHandlerImpl.java:103)
	at org.mockito.internal.handler.NullResultGuardian.handle(NullResultGuardian.java:29)
	at org.mockito.internal.handler.InvocationNotifierHandler.handle(InvocationNotifierHandler.java:35)
	at org.mockito.internal.creation.bytebuddy.MockMethodInterceptor.doIntercept(MockMethodInterceptor.java:61)
	at org.mockito.internal.creation.bytebuddy.MockMethodInterceptor.doIntercept(MockMethodInterceptor.java:49)
	at org.mockito.internal.creation.bytebuddy.MockMethodInterceptor$DispatcherDefaultingToRealMethod.interceptSuperCallable(MockMethodInterceptor.java:108)
	at com.mealmatch.controller.TelaLoginController$MockitoMock$1912933953.validarLogin(Unknown Source)
	at com.mealmatch.controller.TelaLoginControllerTest.testValidarLoginComSucesso(TelaLoginControllerTest.java:34)
	... 3 more

