<?xml version="1.0" encoding="UTF-8"?>
<testsuite xmlns:xsi="http://www.w3.org/2001/XMLSchema-instance" xsi:noNamespaceSchemaLocation="https://maven.apache.org/surefire/maven-surefire-plugin/xsd/surefire-test-report-3.0.xsd" version="3.0" name="com.mealmatch.jdbc.dao.UserDAOTest" time="0.72" tests="4" errors="0" skipped="0" failures="0">
  <properties>
[...]
</properties>
  <testcase name="testValidarLoginComSucesso" classname="com.mealmatch.jdbc.dao.UserDAOTest" time="0.54"/>
  <testcase name="testValidarLoginUsuarioNaoExistente" classname="com.mealmatch.jdbc.dao.UserDAOTest" time="0.001"/>
  <testcase name="testValidarLoginSenhaIncorreta" classname="com.mealmatch.jdbc.dao.UserDAOTest" time="0.17"/>
  <testcase name="testGetUserIdByUsername" classname="com.mealmatch.jdbc.dao.UserDAOTest" time="0.002"/>
</testsuite>